The system is: Windows - 10.0.19043 - AMD64
Compiling the C compiler identification source file "CMakeCCompilerId.c" succeeded.
Compiler: C:/Program Files (x86)/Microsoft Visual Studio/2019/Community/VC/Tools/MSVC/14.25.28610/bin/Hostx64/x64/cl.exe 
Build flags: 
Id flags:  

The output was:
0
Microsoft (R) C/C++ Optimizing Compiler Version 19.25.28614 for x64
Copyright (C) Microsoft Corporation.  All rights reserved.

CMakeCCompilerId.c
Microsoft (R) Incremental Linker Version 14.25.28614.0
Copyright (C) Microsoft Corporation.  All rights reserved.

/out:CMakeCCompilerId.exe 
CMakeCCompilerId.obj 


Compilation of the C compiler identification source "CMakeCCompilerId.c" produced "CMakeCCompilerId.exe"

Compilation of the C compiler identification source "CMakeCCompilerId.c" produced "CMakeCCompilerId.obj"

The C compiler identification is MSVC, found in "C:/Users/nickb/git/cs344_assignment_1/cmake-build-debug/CMakeFiles/3.16.5/CompilerIdC/CMakeCCompilerId.exe"

Determining if the C compiler works passed with the following output:
Change Dir: C:/Users/nickb/git/cs344_assignment_1/cmake-build-debug/CMakeFiles/CMakeTmp

Run Build Command(s):nmake /nologo cmTC_69957\fast && 	"C:\Program Files (x86)\Microsoft Visual Studio\2019\Community\VC\Tools\MSVC\14.25.28610\bin\HostX64\x64\nmake.exe" -f CMakeFiles\cmTC_69957.dir\build.make /nologo -L                  CMakeFiles\cmTC_69957.dir\build
Building C object CMakeFiles/cmTC_69957.dir/testCCompiler.c.obj
	C:\PROGRA~2\MICROS~3\2019\COMMUN~1\VC\Tools\MSVC\1425~1.286\bin\Hostx64\x64\cl.exe @C:\Users\nickb\AppData\Local\Temp\nmF4BA.tmp
testCCompiler.c
Linking C executable cmTC_69957.exe
	C:\Users\nickb\AppData\Local\JetBrains\Toolbox\apps\CLion\ch-0\201.7223.86\bin\cmake\win\bin\cmake.exe -E vs_link_exe --intdir=CMakeFiles\cmTC_69957.dir --rc=C:\PROGRA~2\WI3CF2~1\10\bin\100220~1.0\x64\rc.exe --mt=C:\PROGRA~2\WI3CF2~1\10\bin\100220~1.0\x64\mt.exe --manifests  -- C:\PROGRA~2\MICROS~3\2019\COMMUN~1\VC\Tools\MSVC\1425~1.286\bin\Hostx64\x64\link.exe /nologo @CMakeFiles\cmTC_69957.dir\objects1.rsp @C:\Users\nickb\AppData\Local\Temp\nmF603.tmp



Detecting C compiler ABI info compiled with the following output:
Change Dir: C:/Users/nickb/git/cs344_assignment_1/cmake-build-debug/CMakeFiles/CMakeTmp

Run Build Command(s):nmake /nologo cmTC_fb3bb\fast && 	"C:\Program Files (x86)\Microsoft Visual Studio\2019\Community\VC\Tools\MSVC\14.25.28610\bin\HostX64\x64\nmake.exe" -f CMakeFiles\cmTC_fb3bb.dir\build.make /nologo -L                  CMakeFiles\cmTC_fb3bb.dir\build
Building C object CMakeFiles/cmTC_fb3bb.dir/CMakeCCompilerABI.c.obj
	C:\PROGRA~2\MICROS~3\2019\COMMUN~1\VC\Tools\MSVC\1425~1.286\bin\Hostx64\x64\cl.exe @C:\Users\nickb\AppData\Local\Temp\nmF769.tmp
CMakeCCompilerABI.c
Linking C executable cmTC_fb3bb.exe
	C:\Users\nickb\AppData\Local\JetBrains\Toolbox\apps\CLion\ch-0\201.7223.86\bin\cmake\win\bin\cmake.exe -E vs_link_exe --intdir=CMakeFiles\cmTC_fb3bb.dir --rc=C:\PROGRA~2\WI3CF2~1\10\bin\100220~1.0\x64\rc.exe --mt=C:\PROGRA~2\WI3CF2~1\10\bin\100220~1.0\x64\mt.exe --manifests  -- C:\PROGRA~2\MICROS~3\2019\COMMUN~1\VC\Tools\MSVC\1425~1.286\bin\Hostx64\x64\link.exe /nologo @CMakeFiles\cmTC_fb3bb.dir\objects1.rsp @C:\Users\nickb\AppData\Local\Temp\nmF799.tmp



